# JRE version: Java(TM) SE Runtime Environment (8.0_77-b03) (build 1.8.0_77-b03)
# Java VM: Java HotSpot(TM) 64-Bit Server VM (25.77-b03 mixed mode windows-amd64 compressed oops)
Heap:
 PSYoungGen      total 256512K, used 9840K [0x00000000e0000000, 0x00000000f6000000, 0x0000000100000000)
  eden space 234496K, 4% used [0x00000000e0000000,0x00000000e099c370,0x00000000ee500000)
  from space 22016K, 0% used [0x00000000ef980000,0x00000000ef980000,0x00000000f0f00000)
  to   space 20992K, 0% used [0x00000000ee500000,0x00000000ee500000,0x00000000ef980000)
 ParOldGen       total 95232K, used 47559K [0x00000000a0000000, 0x00000000a5d00000, 0x00000000e0000000)
  object space 95232K, 49% used [0x00000000a0000000,0x00000000a2e71c38,0x00000000a5d00000)
 Metaspace       used 57651K, capacity 60200K, committed 60544K, reserved 1101824K
  class space    used 7940K, capacity 8477K, committed 8576K, reserved 1048576K
GC Heap History (10 events):
Event: 91.311 GC heap before
{Heap before GC invocations=13 (full 2):
 PSYoungGen      total 242688K, used 32398K [0x00000000e0000000, 0x00000000f0f00000, 0x0000000100000000)
  eden space 227840K, 7% used [0x00000000e0000000,0x00000000e112b390,0x00000000ede80000)
  from space 14848K, 99% used [0x00000000ef400000,0x00000000f02786d8,0x00000000f0280000)
  to   space 22016K, 0% used [0x00000000ede80000,0x00000000ede80000,0x00000000ef400000)
 ParOldGen       total 52736K, used 33342K [0x00000000a0000000, 0x00000000a3380000, 0x00000000e0000000)
  object space 52736K, 63% used [0x00000000a0000000,0x00000000a208f860,0x00000000a3380000)
 Metaspace       used 52018K, capacity 53982K, committed 54144K, reserved 1095680K
  class space    used 7254K, capacity 7707K, committed 7808K, reserved 1048576K
Event: 91.423 GC heap after
Heap after GC invocations=13 (full 2):
 PSYoungGen      total 249856K, used 2163K [0x00000000e0000000, 0x00000000f0f00000, 0x0000000100000000)
  eden space 227840K, 0% used [0x00000000e0000000,0x00000000e0000000,0x00000000ede80000)
  from space 22016K, 9% used [0x00000000ede80000,0x00000000ee09cea0,0x00000000ef400000)
  to   space 22016K, 0% used [0x00000000ef980000,0x00000000ef980000,0x00000000f0f00000)
 ParOldGen       total 52736K, used 48147K [0x00000000a0000000, 0x00000000a3380000, 0x00000000e0000000)
  object space 52736K, 91% used [0x00000000a0000000,0x00000000a2f04ed0,0x00000000a3380000)
 Metaspace       used 52018K, capacity 53982K, committed 54144K, reserved 1095680K
  class space    used 7254K, capacity 7707K, committed 7808K, reserved 1048576K
}
Event: 91.423 GC heap before
{Heap before GC invocations=14 (full 3):
 PSYoungGen      total 249856K, used 2163K [0x00000000e0000000, 0x00000000f0f00000, 0x0000000100000000)
  eden space 227840K, 0% used [0x00000000e0000000,0x00000000e0000000,0x00000000ede80000)
  from space 22016K, 9% used [0x00000000ede80000,0x00000000ee09cea0,0x00000000ef400000)
  to   space 22016K, 0% used [0x00000000ef980000,0x00000000ef980000,0x00000000f0f00000)
 ParOldGen       total 52736K, used 48147K [0x00000000a0000000, 0x00000000a3380000, 0x00000000e0000000)
  object space 52736K, 91% used [0x00000000a0000000,0x00000000a2f04ed0,0x00000000a3380000)
 Metaspace       used 52018K, capacity 53982K, committed 54144K, reserved 1095680K
  class space    used 7254K, capacity 7707K, committed 7808K, reserved 1048576K
Event: 92.150 GC heap after
Heap after GC invocations=14 (full 3):
 PSYoungGen      total 249856K, used 0K [0x00000000e0000000, 0x00000000f0f00000, 0x0000000100000000)
  eden space 227840K, 0% used [0x00000000e0000000,0x00000000e0000000,0x00000000ede80000)
  from space 22016K, 0% used [0x00000000ede80000,0x00000000ede80000,0x00000000ef400000)
  to   space 22016K, 0% used [0x00000000ef980000,0x00000000ef980000,0x00000000f0f00000)
 ParOldGen       total 52736K, used 40252K [0x00000000a0000000, 0x00000000a3380000, 0x00000000e0000000)
  object space 52736K, 76% used [0x00000000a0000000,0x00000000a274f348,0x00000000a3380000)
 Metaspace       used 52018K, capacity 53982K, committed 54144K, reserved 1095680K
  class space    used 7254K, capacity 7707K, committed 7808K, reserved 1048576K
}
Event: 454.005 GC heap before
{Heap before GC invocations=15 (full 4):
 PSYoungGen      total 249856K, used 227840K [0x00000000e0000000, 0x00000000f0f00000, 0x0000000100000000)
  eden space 227840K, 100% used [0x00000000e0000000,0x00000000ede80000,0x00000000ede80000)
  from space 22016K, 0% used [0x00000000ede80000,0x00000000ede80000,0x00000000ef400000)
  to   space 22016K, 0% used [0x00000000ef980000,0x00000000ef980000,0x00000000f0f00000)
 ParOldGen       total 52736K, used 40252K [0x00000000a0000000, 0x00000000a3380000, 0x00000000e0000000)
  object space 52736K, 76% used [0x00000000a0000000,0x00000000a274f348,0x00000000a3380000)
 Metaspace       used 56396K, capacity 58688K, committed 59008K, reserved 1099776K
  class space    used 7778K, capacity 8240K, committed 8320K, reserved 1048576K
Event: 455.552 GC heap after
Heap after GC invocations=15 (full 4):
 PSYoungGen      total 249856K, used 0K [0x00000000e0000000, 0x00000000f0f00000, 0x0000000100000000)
  eden space 227840K, 0% used [0x00000000e0000000,0x00000000e0000000,0x00000000ede80000)
  from space 22016K, 0% used [0x00000000ede80000,0x00000000ede80000,0x00000000ef400000)
  to   space 22016K, 0% used [0x00000000ef980000,0x00000000ef980000,0x00000000f0f00000)
 ParOldGen       total 95232K, used 46268K [0x00000000a0000000, 0x00000000a5d00000, 0x00000000e0000000)
  object space 95232K, 48% used [0x00000000a0000000,0x00000000a2d2f140,0x00000000a5d00000)
 Metaspace       used 56394K, capacity 58682K, committed 59008K, reserved 1099776K
  class space    used 7777K, capacity 8239K, committed 8320K, reserved 1048576K
}
Event: 463.268 GC heap before
{Heap before GC invocations=16 (full 4):
 PSYoungGen      total 249856K, used 81546K [0x00000000e0000000, 0x00000000f0f00000, 0x0000000100000000)
  eden space 227840K, 35% used [0x00000000e0000000,0x00000000e4fa2ac0,0x00000000ede80000)
  from space 22016K, 0% used [0x00000000ede80000,0x00000000ede80000,0x00000000ef400000)
  to   space 22016K, 0% used [0x00000000ef980000,0x00000000ef980000,0x00000000f0f00000)
 ParOldGen       total 95232K, used 46268K [0x00000000a0000000, 0x00000000a5d00000, 0x00000000e0000000)
  object space 95232K, 48% used [0x00000000a0000000,0x00000000a2d2f140,0x00000000a5d00000)
 Metaspace       used 57634K, capacity 60194K, committed 60544K, reserved 1101824K
  class space    used 7940K, capacity 8476K, committed 8576K, reserved 1048576K
Event: 463.584 GC heap after
Heap after GC invocations=16 (full 4):
 PSYoungGen      total 256512K, used 6105K [0x00000000e0000000, 0x00000000f6000000, 0x0000000100000000)
  eden space 234496K, 0% used [0x00000000e0000000,0x00000000e0000000,0x00000000ee500000)
  from space 22016K, 27% used [0x00000000ef980000,0x00000000eff76608,0x00000000f0f00000)
  to   space 20992K, 0% used [0x00000000ee500000,0x00000000ee500000,0x00000000ef980000)
 ParOldGen       total 95232K, used 46276K [0x00000000a0000000, 0x00000000a5d00000, 0x00000000e0000000)
  object space 95232K, 48% used [0x00000000a0000000,0x00000000a2d31140,0x00000000a5d00000)
 Metaspace       used 57634K, capacity 60194K, committed 60544K, reserved 1101824K
  class space    used 7940K, capacity 8476K, committed 8576K, reserved 1048576K
}
Event: 463.584 GC heap before
{Heap before GC invocations=17 (full 5):
 PSYoungGen      total 256512K, used 6105K [0x00000000e0000000, 0x00000000f6000000, 0x0000000100000000)
  eden space 234496K, 0% used [0x00000000e0000000,0x00000000e0000000,0x00000000ee500000)
  from space 22016K, 27% used [0x00000000ef980000,0x00000000eff76608,0x00000000f0f00000)
  to   space 20992K, 0% used [0x00000000ee500000,0x00000000ee500000,0x00000000ef980000)
 ParOldGen       total 95232K, used 46276K [0x00000000a0000000, 0x00000000a5d00000, 0x00000000e0000000)
  object space 95232K, 48% used [0x00000000a0000000,0x00000000a2d31140,0x00000000a5d00000)
 Metaspace       used 57634K, capacity 60194K, committed 60544K, reserved 1101824K
  class space    used 7940K, capacity 8476K, committed 8576K, reserved 1048576K
Event: 465.551 GC heap after
Heap after GC invocations=17 (full 5):
 PSYoungGen      total 256512K, used 0K [0x00000000e0000000, 0x00000000f6000000, 0x0000000100000000)
  eden space 234496K, 0% used [0x00000000e0000000,0x00000000e0000000,0x00000000ee500000)
  from space 22016K, 0% used [0x00000000ef980000,0x00000000ef980000,0x00000000f0f00000)
  to   space 20992K, 0% used [0x00000000ee500000,0x00000000ee500000,0x00000000ef980000)
 ParOldGen       total 95232K, used 47559K [0x00000000a0000000, 0x00000000a5d00000, 0x00000000e0000000)
  object space 95232K, 49% used [0x00000000a0000000,0x00000000a2e71c38,0x00000000a5d00000)
 Metaspace       used 57634K, capacity 60194K, committed 60544K, reserved 1101824K
  class space    used 7940K, capacity 8476K, committed 8576K, reserved 1048576K
}

